2025/07/25 08:33:21 [emerg] 1#1: host not found in upstream "php" in /etc/nginx/conf.d/default.conf:11
2025/07/25 08:33:21 [emerg] 1#1: host not found in upstream "php" in /etc/nginx/conf.d/default.conf:11
2025/07/25 08:33:22 [emerg] 1#1: host not found in upstream "php" in /etc/nginx/conf.d/default.conf:11
2025/07/25 08:33:23 [emerg] 1#1: host not found in upstream "php" in /etc/nginx/conf.d/default.conf:11
2025/07/25 08:33:24 [emerg] 1#1: unknown "is_uri" variable
2025/07/25 08:33:26 [emerg] 1#1: unknown "is_uri" variable
2025/07/25 08:33:30 [emerg] 1#1: unknown "is_uri" variable
2025/07/25 08:33:37 [emerg] 1#1: unknown "is_uri" variable
2025/07/25 08:33:50 [emerg] 1#1: unknown "is_uri" variable
2025/07/25 08:34:16 [emerg] 1#1: unknown "is_uri" variable
2025/07/25 08:35:08 [emerg] 1#1: unknown "is_uri" variable
2025/07/25 08:36:08 [emerg] 1#1: unknown "is_uri" variable
2025/07/25 08:37:08 [emerg] 1#1: host not found in upstream "php" in /etc/nginx/conf.d/default.conf:11
2025/07/25 08:38:09 [emerg] 1#1: host not found in upstream "php" in /etc/nginx/conf.d/default.conf:11
2025/07/25 08:39:09 [emerg] 1#1: host not found in upstream "php" in /etc/nginx/conf.d/default.conf:11
2025/07/25 08:40:09 [emerg] 1#1: host not found in upstream "php" in /etc/nginx/conf.d/default.conf:11
2025/07/25 08:42:48 [emerg] 1#1: unknown "is_uri" variable
2025/07/25 08:42:48 [emerg] 1#1: unknown "is_uri" variable
2025/07/25 08:42:49 [emerg] 1#1: unknown "is_uri" variable
2025/07/25 08:42:50 [emerg] 1#1: unknown "is_uri" variable
2025/07/25 08:42:51 [emerg] 1#1: unknown "is_uri" variable
2025/07/25 08:42:52 [emerg] 1#1: unknown "is_uri" variable
2025/07/25 08:42:56 [emerg] 1#1: unknown "is_uri" variable
2025/07/25 08:43:03 [emerg] 1#1: unknown "is_uri" variable
2025/07/25 08:43:16 [emerg] 1#1: unknown "is_uri" variable
2025/07/25 08:43:41 [emerg] 1#1: unknown "is_uri" variable
2025/07/25 08:44:33 [emerg] 1#1: unknown "is_uri" variable
2025/07/25 08:45:33 [emerg] 1#1: unknown "is_uri" variable
2025/07/25 08:46:33 [emerg] 1#1: unknown "is_uri" variable
2025/07/25 08:47:33 [emerg] 1#1: unknown "is_uri" variable
2025/07/25 08:48:34 [emerg] 1#1: unknown "is_uri" variable
2025/07/25 08:49:34 [emerg] 1#1: unknown "is_uri" variable
2025/07/25 08:50:34 [emerg] 1#1: unknown "is_uri" variable
2025/07/25 08:51:35 [emerg] 1#1: unknown "is_uri" variable
2025/07/25 08:52:35 [emerg] 1#1: unknown "is_uri" variable
2025/07/25 08:53:35 [emerg] 1#1: unknown "is_uri" variable
2025/07/25 08:54:35 [emerg] 1#1: unknown "is_uri" variable
2025/07/25 08:55:36 [emerg] 1#1: unknown "is_uri" variable
2025/07/25 08:56:36 [emerg] 1#1: unknown "is_uri" variable
2025/07/25 08:57:36 [notice] 1#1: using the "epoll" event method
2025/07/25 08:57:36 [notice] 1#1: nginx/1.29.0
2025/07/25 08:57:36 [notice] 1#1: built by gcc 14.2.0 (Alpine 14.2.0) 
2025/07/25 08:57:36 [notice] 1#1: OS: Linux 6.1.0-33-amd64
2025/07/25 08:57:36 [notice] 1#1: getrlimit(RLIMIT_NOFILE): 1048576:1048576
2025/07/25 08:57:36 [notice] 1#1: start worker processes
2025/07/25 08:57:36 [notice] 1#1: start worker process 28
2025/07/25 08:57:48 [notice] 1#1: signal 3 (SIGQUIT) received, shutting down
2025/07/25 08:57:48 [notice] 28#28: gracefully shutting down
2025/07/25 08:57:48 [notice] 28#28: exiting
2025/07/25 08:57:48 [notice] 28#28: exit
2025/07/25 08:57:48 [notice] 1#1: signal 17 (SIGCHLD) received from 28
2025/07/25 08:57:48 [notice] 1#1: worker process 28 exited with code 0
2025/07/25 08:57:48 [notice] 1#1: exit
2025/07/25 09:00:26 [notice] 1#1: using the "epoll" event method
2025/07/25 09:00:26 [notice] 1#1: nginx/1.29.0
2025/07/25 09:00:26 [notice] 1#1: built by gcc 14.2.0 (Alpine 14.2.0) 
2025/07/25 09:00:26 [notice] 1#1: OS: Linux 6.1.0-33-amd64
2025/07/25 09:00:26 [notice] 1#1: getrlimit(RLIMIT_NOFILE): 1048576:1048576
2025/07/25 09:00:26 [notice] 1#1: start worker processes
2025/07/25 09:00:26 [notice] 1#1: start worker process 29
2025/07/25 09:10:16 [notice] 1#1: signal 3 (SIGQUIT) received, shutting down
2025/07/25 09:10:16 [notice] 29#29: gracefully shutting down
2025/07/25 09:10:16 [notice] 29#29: exiting
2025/07/25 09:10:16 [notice] 29#29: exit
2025/07/25 09:10:16 [notice] 1#1: signal 17 (SIGCHLD) received from 29
2025/07/25 09:10:16 [notice] 1#1: worker process 29 exited with code 0
2025/07/25 09:10:16 [notice] 1#1: exit
2025/07/25 09:10:46 [notice] 1#1: using the "epoll" event method
2025/07/25 09:10:46 [notice] 1#1: nginx/1.29.0
2025/07/25 09:10:46 [notice] 1#1: built by gcc 14.2.0 (Alpine 14.2.0) 
2025/07/25 09:10:46 [notice] 1#1: OS: Linux 6.1.0-33-amd64
2025/07/25 09:10:46 [notice] 1#1: getrlimit(RLIMIT_NOFILE): 1048576:1048576
2025/07/25 09:10:46 [notice] 1#1: start worker processes
2025/07/25 09:10:46 [notice] 1#1: start worker process 29
2025/07/25 09:20:07 [notice] 1#1: signal 3 (SIGQUIT) received, shutting down
2025/07/25 09:20:07 [notice] 29#29: gracefully shutting down
2025/07/25 09:20:07 [notice] 29#29: exiting
2025/07/25 09:20:07 [notice] 29#29: exit
2025/07/25 09:20:07 [notice] 1#1: signal 17 (SIGCHLD) received from 29
2025/07/25 09:20:07 [notice] 1#1: worker process 29 exited with code 0
2025/07/25 09:20:07 [notice] 1#1: exit
2025/07/25 09:20:23 [emerg] 1#1: directive "index" is not terminated by ";" in /etc/nginx/conf.d/default.conf:6
2025/07/25 09:20:24 [emerg] 1#1: directive "index" is not terminated by ";" in /etc/nginx/conf.d/default.conf:6
2025/07/25 09:20:25 [emerg] 1#1: directive "index" is not terminated by ";" in /etc/nginx/conf.d/default.conf:6
2025/07/25 09:20:25 [emerg] 1#1: directive "index" is not terminated by ";" in /etc/nginx/conf.d/default.conf:6
2025/07/25 09:20:26 [emerg] 1#1: directive "index" is not terminated by ";" in /etc/nginx/conf.d/default.conf:6
2025/07/25 09:20:28 [emerg] 1#1: directive "index" is not terminated by ";" in /etc/nginx/conf.d/default.conf:6
2025/07/25 09:20:32 [emerg] 1#1: directive "index" is not terminated by ";" in /etc/nginx/conf.d/default.conf:6
2025/07/25 09:20:38 [emerg] 1#1: directive "index" is not terminated by ";" in /etc/nginx/conf.d/default.conf:6
2025/07/25 09:20:51 [emerg] 1#1: directive "index" is not terminated by ";" in /etc/nginx/conf.d/default.conf:6
2025/07/25 09:21:17 [emerg] 1#1: directive "index" is not terminated by ";" in /etc/nginx/conf.d/default.conf:6
2025/07/25 09:22:08 [emerg] 1#1: directive "index" is not terminated by ";" in /etc/nginx/conf.d/default.conf:6
2025/07/25 09:23:09 [emerg] 1#1: directive "index" is not terminated by ";" in /etc/nginx/conf.d/default.conf:6
2025/07/25 09:24:09 [emerg] 1#1: directive "index" is not terminated by ";" in /etc/nginx/conf.d/default.conf:6
2025/07/25 09:25:09 [emerg] 1#1: directive "index" is not terminated by ";" in /etc/nginx/conf.d/default.conf:6
2025/07/25 09:26:09 [emerg] 1#1: directive "index" is not terminated by ";" in /etc/nginx/conf.d/default.conf:6
2025/07/25 09:27:10 [emerg] 1#1: directive "index" is not terminated by ";" in /etc/nginx/conf.d/default.conf:6
2025/07/25 09:28:10 [notice] 1#1: using the "epoll" event method
2025/07/25 09:28:10 [notice] 1#1: nginx/1.29.0
2025/07/25 09:28:10 [notice] 1#1: built by gcc 14.2.0 (Alpine 14.2.0) 
2025/07/25 09:28:10 [notice] 1#1: OS: Linux 6.1.0-33-amd64
2025/07/25 09:28:10 [notice] 1#1: getrlimit(RLIMIT_NOFILE): 1048576:1048576
2025/07/25 09:28:10 [notice] 1#1: start worker processes
2025/07/25 09:28:10 [notice] 1#1: start worker process 28
2025/07/25 09:30:24 [notice] 1#1: signal 3 (SIGQUIT) received, shutting down
2025/07/25 09:30:24 [notice] 28#28: gracefully shutting down
2025/07/25 09:30:24 [notice] 28#28: exiting
2025/07/25 09:30:24 [notice] 28#28: exit
2025/07/25 09:30:24 [notice] 1#1: signal 17 (SIGCHLD) received from 28
2025/07/25 09:30:24 [notice] 1#1: worker process 28 exited with code 0
2025/07/25 09:30:24 [notice] 1#1: exit
2025/07/25 09:30:39 [notice] 1#1: using the "epoll" event method
2025/07/25 09:30:39 [notice] 1#1: nginx/1.29.0
2025/07/25 09:30:39 [notice] 1#1: built by gcc 14.2.0 (Alpine 14.2.0) 
2025/07/25 09:30:39 [notice] 1#1: OS: Linux 6.1.0-33-amd64
2025/07/25 09:30:39 [notice] 1#1: getrlimit(RLIMIT_NOFILE): 1048576:1048576
2025/07/25 09:30:39 [notice] 1#1: start worker processes
2025/07/25 09:30:39 [notice] 1#1: start worker process 29
2025/07/25 09:46:40 [notice] 1#1: signal 3 (SIGQUIT) received, shutting down
2025/07/25 09:46:40 [notice] 29#29: gracefully shutting down
2025/07/25 09:46:40 [notice] 29#29: exiting
2025/07/25 09:46:40 [notice] 29#29: exit
2025/07/25 09:46:40 [notice] 1#1: signal 17 (SIGCHLD) received from 29
2025/07/25 09:46:40 [notice] 1#1: worker process 29 exited with code 0
2025/07/25 09:46:40 [notice] 1#1: exit
2025/07/25 09:46:55 [notice] 1#1: using the "epoll" event method
2025/07/25 09:46:55 [notice] 1#1: nginx/1.29.0
2025/07/25 09:46:55 [notice] 1#1: built by gcc 14.2.0 (Alpine 14.2.0) 
2025/07/25 09:46:55 [notice] 1#1: OS: Linux 6.1.0-33-amd64
2025/07/25 09:46:55 [notice] 1#1: getrlimit(RLIMIT_NOFILE): 1048576:1048576
2025/07/25 09:46:55 [notice] 1#1: start worker processes
2025/07/25 09:46:55 [notice] 1#1: start worker process 29
2025/07/25 09:55:14 [notice] 1#1: signal 3 (SIGQUIT) received, shutting down
2025/07/25 09:55:14 [notice] 29#29: gracefully shutting down
2025/07/25 09:55:14 [notice] 29#29: exiting
2025/07/25 09:55:14 [notice] 29#29: exit
2025/07/25 09:55:14 [notice] 1#1: signal 17 (SIGCHLD) received from 29
2025/07/25 09:55:14 [notice] 1#1: worker process 29 exited with code 0
2025/07/25 09:55:14 [notice] 1#1: exit
2025/07/25 09:55:29 [notice] 1#1: using the "epoll" event method
2025/07/25 09:55:29 [notice] 1#1: nginx/1.29.0
2025/07/25 09:55:29 [notice] 1#1: built by gcc 14.2.0 (Alpine 14.2.0) 
2025/07/25 09:55:29 [notice] 1#1: OS: Linux 6.1.0-33-amd64
2025/07/25 09:55:29 [notice] 1#1: getrlimit(RLIMIT_NOFILE): 1048576:1048576
2025/07/25 09:55:29 [notice] 1#1: start worker processes
2025/07/25 09:55:29 [notice] 1#1: start worker process 29
2025/07/25 10:08:44 [notice] 1#1: signal 3 (SIGQUIT) received, shutting down
2025/07/25 10:08:44 [notice] 29#29: gracefully shutting down
2025/07/25 10:08:44 [notice] 29#29: exiting
2025/07/25 10:08:44 [notice] 29#29: exit
2025/07/25 10:08:44 [notice] 1#1: signal 17 (SIGCHLD) received from 29
2025/07/25 10:08:44 [notice] 1#1: worker process 29 exited with code 0
2025/07/25 10:08:44 [notice] 1#1: exit
2025/07/25 10:09:00 [notice] 1#1: using the "epoll" event method
2025/07/25 10:09:00 [notice] 1#1: nginx/1.29.0
2025/07/25 10:09:00 [notice] 1#1: built by gcc 14.2.0 (Alpine 14.2.0) 
2025/07/25 10:09:00 [notice] 1#1: OS: Linux 6.1.0-33-amd64
2025/07/25 10:09:00 [notice] 1#1: getrlimit(RLIMIT_NOFILE): 1048576:1048576
2025/07/25 10:09:00 [notice] 1#1: start worker processes
2025/07/25 10:09:00 [notice] 1#1: start worker process 29
2025/07/28 08:30:44 [notice] 1#1: signal 3 (SIGQUIT) received, shutting down
2025/07/28 08:30:44 [notice] 29#29: gracefully shutting down
2025/07/28 08:30:44 [notice] 29#29: exiting
2025/07/28 08:30:44 [notice] 29#29: exit
2025/07/28 08:30:44 [notice] 1#1: signal 17 (SIGCHLD) received from 29
2025/07/28 08:30:44 [notice] 1#1: worker process 29 exited with code 0
2025/07/28 08:30:44 [notice] 1#1: exit
2025/07/28 08:31:06 [notice] 1#1: using the "epoll" event method
2025/07/28 08:31:06 [notice] 1#1: nginx/1.29.0
2025/07/28 08:31:06 [notice] 1#1: built by gcc 14.2.0 (Alpine 14.2.0) 
2025/07/28 08:31:06 [notice] 1#1: OS: Linux 6.1.0-33-amd64
2025/07/28 08:31:06 [notice] 1#1: getrlimit(RLIMIT_NOFILE): 1048576:1048576
2025/07/28 08:31:06 [notice] 1#1: start worker processes
2025/07/28 08:31:06 [notice] 1#1: start worker process 29
2025/07/30 08:51:38 [notice] 1#1: signal 3 (SIGQUIT) received, shutting down
2025/07/30 08:51:38 [notice] 29#29: gracefully shutting down
2025/07/30 08:51:38 [notice] 29#29: exiting
2025/07/30 08:51:38 [notice] 29#29: exit
2025/07/30 08:51:39 [notice] 1#1: signal 17 (SIGCHLD) received from 29
2025/07/30 08:51:39 [notice] 1#1: worker process 29 exited with code 0
2025/07/30 08:51:39 [notice] 1#1: exit
2025/07/30 08:52:07 [notice] 1#1: using the "epoll" event method
2025/07/30 08:52:07 [notice] 1#1: nginx/1.29.0
2025/07/30 08:52:07 [notice] 1#1: built by gcc 14.2.0 (Alpine 14.2.0) 
2025/07/30 08:52:07 [notice] 1#1: OS: Linux 6.1.0-33-amd64
2025/07/30 08:52:07 [notice] 1#1: getrlimit(RLIMIT_NOFILE): 1048576:1048576
2025/07/30 08:52:07 [notice] 1#1: start worker processes
2025/07/30 08:52:07 [notice] 1#1: start worker process 28
2025/07/30 08:56:54 [notice] 1#1: signal 3 (SIGQUIT) received, shutting down
2025/07/30 08:56:54 [notice] 28#28: gracefully shutting down
2025/07/30 08:56:54 [notice] 28#28: exiting
2025/07/30 08:56:54 [notice] 28#28: exit
2025/07/30 08:56:54 [notice] 1#1: signal 17 (SIGCHLD) received from 28
2025/07/30 08:56:54 [notice] 1#1: worker process 28 exited with code 0
2025/07/30 08:56:54 [notice] 1#1: exit
2025/07/30 09:04:02 [notice] 1#1: using the "epoll" event method
2025/07/30 09:04:02 [notice] 1#1: nginx/1.29.0
2025/07/30 09:04:02 [notice] 1#1: built by gcc 14.2.0 (Alpine 14.2.0) 
2025/07/30 09:04:02 [notice] 1#1: OS: Linux 6.1.0-33-amd64
2025/07/30 09:04:02 [notice] 1#1: getrlimit(RLIMIT_NOFILE): 1048576:1048576
2025/07/30 09:04:02 [notice] 1#1: start worker processes
2025/07/30 09:04:02 [notice] 1#1: start worker process 29
2025/07/30 09:12:13 [notice] 1#1: signal 3 (SIGQUIT) received, shutting down
2025/07/30 09:12:13 [notice] 29#29: gracefully shutting down
2025/07/30 09:12:13 [notice] 29#29: exiting
2025/07/30 09:12:13 [notice] 29#29: exit
2025/07/30 09:12:13 [notice] 1#1: signal 17 (SIGCHLD) received from 29
2025/07/30 09:12:13 [notice] 1#1: worker process 29 exited with code 0
2025/07/30 09:12:13 [notice] 1#1: exit
2025/07/30 09:12:47 [notice] 1#1: using the "epoll" event method
2025/07/30 09:12:47 [notice] 1#1: nginx/1.29.0
2025/07/30 09:12:47 [notice] 1#1: built by gcc 14.2.0 (Alpine 14.2.0) 
2025/07/30 09:12:47 [notice] 1#1: OS: Linux 6.1.0-33-amd64
2025/07/30 09:12:47 [notice] 1#1: getrlimit(RLIMIT_NOFILE): 1048576:1048576
2025/07/30 09:12:47 [notice] 1#1: start worker processes
2025/07/30 09:12:47 [notice] 1#1: start worker process 29
2025/08/01 10:00:24 [notice] 1#1: using the "epoll" event method
2025/08/01 10:00:24 [notice] 1#1: nginx/1.29.0
2025/08/01 10:00:24 [notice] 1#1: built by gcc 14.2.0 (Alpine 14.2.0) 
2025/08/01 10:00:24 [notice] 1#1: OS: Linux 6.1.0-33-amd64
2025/08/01 10:00:24 [notice] 1#1: getrlimit(RLIMIT_NOFILE): 1048576:1048576
2025/08/01 10:00:24 [notice] 1#1: start worker processes
2025/08/01 10:00:24 [notice] 1#1: start worker process 29
2025/08/04 08:16:23 [notice] 1#1: using the "epoll" event method
2025/08/04 08:16:23 [notice] 1#1: nginx/1.29.0
2025/08/04 08:16:23 [notice] 1#1: built by gcc 14.2.0 (Alpine 14.2.0) 
2025/08/04 08:16:23 [notice] 1#1: OS: Linux 6.1.0-33-amd64
2025/08/04 08:16:23 [notice] 1#1: getrlimit(RLIMIT_NOFILE): 1048576:1048576
2025/08/04 08:16:23 [notice] 1#1: start worker processes
2025/08/04 08:16:23 [notice] 1#1: start worker process 29
2025/08/18 08:11:53 [notice] 1#1: using the "epoll" event method
2025/08/18 08:11:53 [notice] 1#1: nginx/1.29.0
2025/08/18 08:11:53 [notice] 1#1: built by gcc 14.2.0 (Alpine 14.2.0) 
2025/08/18 08:11:53 [notice] 1#1: OS: Linux 6.1.0-33-amd64
2025/08/18 08:11:53 [notice] 1#1: getrlimit(RLIMIT_NOFILE): 1048576:1048576
2025/08/18 08:11:53 [notice] 1#1: start worker processes
2025/08/18 08:11:53 [notice] 1#1: start worker process 29
2025/09/23 09:17:09 [notice] 1#1: using the "epoll" event method
2025/09/23 09:17:09 [notice] 1#1: nginx/1.29.0
2025/09/23 09:17:09 [notice] 1#1: built by gcc 14.2.0 (Alpine 14.2.0) 
2025/09/23 09:17:09 [notice] 1#1: OS: Linux 6.1.0-33-amd64
2025/09/23 09:17:09 [notice] 1#1: getrlimit(RLIMIT_NOFILE): 1048576:1048576
2025/09/23 09:17:09 [notice] 1#1: start worker processes
2025/09/23 09:17:09 [notice] 1#1: start worker process 28
2025/09/23 10:20:15 [notice] 1#1: signal 3 (SIGQUIT) received, shutting down
2025/09/23 10:20:15 [notice] 28#28: gracefully shutting down
2025/09/23 10:20:15 [notice] 28#28: exiting
2025/09/23 10:20:15 [notice] 28#28: exit
2025/09/23 10:20:15 [notice] 1#1: signal 17 (SIGCHLD) received from 28
2025/09/23 10:20:15 [notice] 1#1: worker process 28 exited with code 0
2025/09/23 10:20:15 [notice] 1#1: exit
2025/09/23 10:20:28 [notice] 1#1: using the "epoll" event method
2025/09/23 10:20:28 [notice] 1#1: nginx/1.29.0
2025/09/23 10:20:28 [notice] 1#1: built by gcc 14.2.0 (Alpine 14.2.0) 
2025/09/23 10:20:28 [notice] 1#1: OS: Linux 6.1.0-33-amd64
2025/09/23 10:20:28 [notice] 1#1: getrlimit(RLIMIT_NOFILE): 1048576:1048576
2025/09/23 10:20:28 [notice] 1#1: start worker processes
2025/09/23 10:20:28 [notice] 1#1: start worker process 29
2025/09/23 10:55:10 [notice] 1#1: signal 3 (SIGQUIT) received, shutting down
2025/09/23 10:55:10 [notice] 29#29: gracefully shutting down
2025/09/23 10:55:10 [notice] 29#29: exiting
2025/09/23 10:55:10 [notice] 29#29: exit
2025/09/23 10:55:11 [notice] 1#1: signal 17 (SIGCHLD) received from 29
2025/09/23 10:55:11 [notice] 1#1: worker process 29 exited with code 0
2025/09/23 10:55:11 [notice] 1#1: exit
2025/09/23 10:55:43 [notice] 1#1: using the "epoll" event method
2025/09/23 10:55:43 [notice] 1#1: nginx/1.29.0
2025/09/23 10:55:43 [notice] 1#1: built by gcc 14.2.0 (Alpine 14.2.0) 
2025/09/23 10:55:43 [notice] 1#1: OS: Linux 6.1.0-40-amd64
2025/09/23 10:55:43 [notice] 1#1: getrlimit(RLIMIT_NOFILE): 1048576:1048576
2025/09/23 10:55:43 [notice] 1#1: start worker processes
2025/09/23 10:55:43 [notice] 1#1: start worker process 28
2025/09/24 12:12:01 [notice] 1#1: using the "epoll" event method
2025/09/24 12:12:01 [notice] 1#1: nginx/1.29.0
2025/09/24 12:12:01 [notice] 1#1: built by gcc 14.2.0 (Alpine 14.2.0) 
2025/09/24 12:12:01 [notice] 1#1: OS: Linux 6.1.0-40-amd64
2025/09/24 12:12:01 [notice] 1#1: getrlimit(RLIMIT_NOFILE): 1048576:1048576
2025/09/24 12:12:01 [notice] 1#1: start worker processes
2025/09/24 12:12:01 [notice] 1#1: start worker process 29
